<?xml version="1.0" encoding="UTF-8"?>
<!-- Generated by org.testng.reporters.JUnitReportReporter -->
<testsuite hostname="TR13IT0HI1KA2010" failures="0" tests="1" name="Day_37_BrokenLinks.BrokenLinks" time="15.873" errors="0" timestamp="2024-08-23T10:47:32 IST" skipped="0">
  <testcase classname="Day_37_BrokenLinks.BrokenLinks" name="Open_OrangeHRM" time="15.873"/>
</testsuite> <!-- Day_37_BrokenLinks.BrokenLinks -->
