<?xml version="1.0" encoding="UTF-8"?>
<!-- Generated by org.testng.reporters.JUnitReportReporter -->
<testsuite hostname="TR13IT0HI1KA2010" failures="0" tests="1" name="Day_025_ExcelUtil_Apache_POI.TC04_Excel_Test_xlsx" time="0.918" errors="0" timestamp="2024-07-23T11:11:49 IST" skipped="0">
  <testcase classname="Day_025_ExcelUtil_Apache_POI.TC04_Excel_Test_xlsx" name="hello" time="0.918"/>
</testsuite> <!-- Day_025_ExcelUtil_Apache_POI.TC04_Excel_Test_xlsx -->
