<?xml version="1.0" encoding="UTF-8"?>
<!-- Generated by org.testng.reporters.JUnitReportReporter -->
<testsuite hostname="TR13IT0HI1KA2010" failures="0" tests="1" name="Day_021_Java_Script_Executer1.Test5_launch_a_website_in_a_new_tab" time="22.897" errors="0" timestamp="2024-08-16T09:18:56 IST" skipped="0">
  <testcase classname="Day_021_Java_Script_Executer1.Test5_launch_a_website_in_a_new_tab" name="ByPixel" time="22.897"/>
</testsuite> <!-- Day_021_Java_Script_Executer1.Test5_launch_a_website_in_a_new_tab -->
