<?xml version="1.0" encoding="UTF-8"?>
<!-- Generated by org.testng.reporters.JUnitReportReporter -->
<testsuite hostname="TR13IT0HI1KA2010" failures="0" tests="1" name="iTestListener.TC01_Add_Skills" time="12.220" errors="0" timestamp="2024-08-06T10:29:02 IST" skipped="0">
  <testcase classname="iTestListener.TC01_Add_Skills" name="Skills" time="12.220"/>
</testsuite> <!-- iTestListener.TC01_Add_Skills -->
