<?xml version="1.0" encoding="UTF-8"?>
<!-- Generated by org.testng.reporters.JUnitReportReporter -->
<testsuite hostname="TR13IT0HI1KA2010" failures="0" tests="1" name="ABC330.TC01_Skills3" time="17.866" errors="0" timestamp="2024-08-21T10:28:08 IST" skipped="0">
  <testcase classname="ABC330.TC01_Skills3" name="SkillSTest" time="17.866"/>
</testsuite> <!-- ABC330.TC01_Skills3 -->
