<?xml version="1.0" encoding="UTF-8"?>
<!-- Generated by org.testng.reporters.JUnitReportReporter -->
<testsuite hostname="TR13IT0HI1KA2010" failures="0" tests="1" name="Headless_Browser.headless1" time="6.889" errors="0" timestamp="2024-08-27T10:33:47 IST" skipped="0">
  <testcase classname="Headless_Browser.headless1" name="LoginTest" time="6.889"/>
</testsuite> <!-- Headless_Browser.headless1 -->
