<?xml version="1.0" encoding="UTF-8"?>
<!-- Generated by org.testng.reporters.JUnitReportReporter -->
<testsuite hostname="TR13IT0HI1KA2010" failures="0" tests="1" name="ABCD1.TC01_Login" time="0.010" errors="0" timestamp="2024-05-18T10:20:00 IST" skipped="0">
  <testcase classname="ABCD1.TC01_Login" name="loginvalidaation" time="0.010"/>
</testsuite> <!-- ABCD1.TC01_Login -->
