<?xml version="1.0" encoding="UTF-8"?>
<!-- Generated by org.testng.reporters.JUnitReportReporter -->
<testsuite hostname="TR13IT0HI1KA2010" failures="0" tests="1" name="Day_022_Action_class.TC01_MouseOver" time="9.423" errors="0" timestamp="2024-08-22T10:34:59 IST" skipped="0">
  <testcase classname="Day_022_Action_class.TC01_MouseOver" name="f" time="9.423"/>
</testsuite> <!-- Day_022_Action_class.TC01_MouseOver -->
