<?xml version="1.0" encoding="UTF-8"?>
<!-- Generated by org.testng.reporters.JUnitReportReporter -->
<testsuite hostname="TR13IT0HI1KA2010" failures="0" tests="1" name="Dropdown.Dropdown_SelectTag" time="7.805" errors="0" timestamp="2024-07-16T10:31:11 IST" skipped="0">
  <testcase classname="Dropdown.Dropdown_SelectTag" name="dropdown" time="7.805"/>
</testsuite> <!-- Dropdown.Dropdown_SelectTag -->
