<?xml version="1.0" encoding="UTF-8"?>
<!-- Generated by org.testng.reporters.JUnitReportReporter -->
<testsuite hostname="TR13IT0HI1KA2010" failures="0" tests="1" name="Day_023_File_Upload_Download.TC04_FileDownLoad" time="33.167" errors="0" timestamp="2024-08-23T10:40:22 IST" skipped="0">
  <testcase classname="Day_023_File_Upload_Download.TC04_FileDownLoad" name="File_Download" time="33.167"/>
</testsuite> <!-- Day_023_File_Upload_Download.TC04_FileDownLoad -->
