<?xml version="1.0" encoding="UTF-8"?>
<!-- Generated by org.testng.reporters.JUnitReportReporter -->
<testsuite hostname="TR13IT0HI1KA2010" failures="0" tests="1" name="BaseProGrams.TC01_Add_Jobs" time="15.918" errors="0" timestamp="2024-06-25T11:23:39 IST" skipped="0">
  <testcase classname="BaseProGrams.TC01_Add_Jobs" name="JobsTest" time="15.918"/>
</testsuite> <!-- BaseProGrams.TC01_Add_Jobs -->
