<?xml version="1.0" encoding="UTF-8"?>
<!-- Generated by org.testng.reporters.JUnitReportReporter -->
<testsuite hostname="TR13IT0HI1KA2010" failures="0" tests="1" name="ABC118.TC01_Skills" time="12.091" errors="0" timestamp="2024-07-16T10:20:34 IST" skipped="0">
  <testcase classname="ABC118.TC01_Skills" name="SkilsTest" time="12.091"/>
</testsuite> <!-- ABC118.TC01_Skills -->
