<?xml version="1.0" encoding="UTF-8"?>
<!-- Generated by org.testng.reporters.JUnitReportReporter -->
<testsuite hostname="TR13IT0HI1KA2010" failures="0" tests="1" name="TestNGListeners.TC01_Add_Nationality" time="13.627" errors="0" timestamp="2024-09-19T09:23:37 IST" skipped="0">
  <testcase classname="TestNGListeners.TC01_Add_Nationality" name="Nationality" time="13.627"/>
</testsuite> <!-- TestNGListeners.TC01_Add_Nationality -->
