<?xml version="1.0" encoding="UTF-8"?>
<!-- Generated by org.testng.reporters.JUnitReportReporter -->
<testsuite hostname="TR13IT0HI1KA2010" failures="0" tests="1" name="DAY045_CSS_Selectors.TC01_ID" time="8.226" errors="0" timestamp="2024-09-19T09:33:06 IST" skipped="0">
  <testcase classname="DAY045_CSS_Selectors.TC01_ID" name="Test2" time="8.226"/>
</testsuite> <!-- DAY045_CSS_Selectors.TC01_ID -->
