<?xml version="1.0" encoding="UTF-8"?>
<!-- Generated by org.testng.reporters.JUnitReportReporter -->
<testsuite hostname="TR13IT0HI1KA2010" failures="0" tests="1" name="Day001.TC01_Nationality" time="15.478" errors="0" timestamp="2024-10-25T19:48:49 IST" skipped="0">
  <testcase classname="Day001.TC01_Nationality" name="NationalityTest" time="15.478"/>
</testsuite> <!-- Day001.TC01_Nationality -->
