<?xml version="1.0" encoding="UTF-8"?>
<!-- Generated by org.testng.reporters.JUnitReportReporter -->
<testsuite hostname="TR13IT0HI1KA2010" failures="0" tests="1" name="Day011_Waits.TC02_Explicit_Wait" time="7.267" errors="0" timestamp="2024-07-18T10:22:18 IST" skipped="0">
  <testcase classname="Day011_Waits.TC02_Explicit_Wait" name="f" time="7.267"/>
</testsuite> <!-- Day011_Waits.TC02_Explicit_Wait -->
