<?xml version="1.0" encoding="UTF-8"?>
<!-- Generated by org.testng.reporters.JUnitReportReporter -->
<testsuite hostname="TR13IT0HI1KA2010" failures="0" tests="1" name="Module1.TC01_Sum" time="0.055" errors="0" timestamp="2024-08-09T11:15:05 IST" skipped="0">
  <testcase classname="Module1.TC01_Sum" name="sum_of_numbers" time="0.055"/>
</testsuite> <!-- Module1.TC01_Sum -->
