<?xml version="1.0" encoding="UTF-8"?>
<!-- Generated by org.testng.reporters.JUnitReportReporter -->
<testsuite hostname="TR13IT0HI1KA2010" failures="0" tests="1" name="ABC15.TC01_Login4" time="4.847" errors="0" timestamp="2024-07-11T10:59:13 IST" skipped="0">
  <testcase classname="ABC15.TC01_Login4" name="LoginTest" time="4.847"/>
</testsuite> <!-- ABC15.TC01_Login4 -->
