<?xml version="1.0" encoding="UTF-8"?>
<!-- Generated by org.testng.reporters.JUnitReportReporter -->
<testsuite hostname="TR13IT0HI1KA2010" failures="0" tests="1" name="TESTNG_Annotations.NewTest" time="6.730" errors="0" timestamp="2024-07-01T11:48:30 IST" skipped="0">
  <testcase classname="TESTNG_Annotations.NewTest" name="MainTest" time="6.730"/>
</testsuite> <!-- TESTNG_Annotations.NewTest -->
