<?xml version="1.0" encoding="UTF-8"?>
<!-- Generated by org.testng.reporters.JUnitReportReporter -->
<testsuite hostname="TR13IT0HI1KA2010" failures="0" tests="1" name="Day_052_WebElement_Operations.TC04_WebElement_getAttribute" time="12.230" errors="0" timestamp="2024-08-24T10:32:23 IST" skipped="0">
  <testcase classname="Day_052_WebElement_Operations.TC04_WebElement_getAttribute" name="login_test" time="12.230"/>
</testsuite> <!-- Day_052_WebElement_Operations.TC04_WebElement_getAttribute -->
