<?xml version="1.0" encoding="UTF-8"?>
<!-- Generated by org.testng.reporters.JUnitReportReporter -->
<testsuite hostname="TR13IT0HI1KA2010" failures="0" tests="3" name="TestNG_DependsOn.TC01" time="7.170" errors="0" timestamp="2024-09-18T09:55:11 IST" skipped="0">
  <testcase classname="TestNG_DependsOn.TC01" name="OpenBrowser" time="2.693"/>
  <testcase classname="TestNG_DependsOn.TC01" name="LoginTest" time="1.955"/>
  <testcase classname="TestNG_DependsOn.TC01" name="OpenOrangeHRM" time="2.522"/>
</testsuite> <!-- TestNG_DependsOn.TC01 -->
