<?xml version="1.0" encoding="UTF-8"?>
<!-- Generated by org.testng.reporters.JUnitReportReporter -->
<testsuite hostname="TR13IT0HI1KA2010" failures="0" tests="3" name="BaseProGrams.TC01_Add_Skills5" time="6.850" errors="0" timestamp="2024-09-22T06:26:38 IST" skipped="0">
  <testcase classname="BaseProGrams.TC01_Add_Skills5" name="Login" time="3.915"/>
  <testcase classname="BaseProGrams.TC01_Add_Skills5" name="Login" time="1.441"/>
  <testcase classname="BaseProGrams.TC01_Add_Skills5" name="Login" time="1.494"/>
</testsuite> <!-- BaseProGrams.TC01_Add_Skills5 -->
