<?xml version="1.0" encoding="UTF-8"?>
<!-- Generated by org.testng.reporters.JUnitReportReporter -->
<testsuite hostname="TR13IT0HI1KA2010" failures="0" tests="1" name="ABCD1.TC02_Login" time="19.012" errors="0" timestamp="2024-05-20T09:52:54 IST" skipped="0">
  <testcase classname="ABCD1.TC02_Login" name="Login" time="19.012"/>
</testsuite> <!-- ABCD1.TC02_Login -->
