<?xml version="1.0" encoding="UTF-8"?>
<!-- Generated by org.testng.reporters.JUnitReportReporter -->
<testsuite hostname="TR13IT0HI1KA2010" failures="0" tests="1" name="Day0001.TC01_Add_Jobs" time="12.034" errors="0" timestamp="2024-11-23T13:43:51 IST" skipped="0">
  <testcase classname="Day0001.TC01_Add_Jobs" name="JobsTest" time="12.034"/>
</testsuite> <!-- Day0001.TC01_Add_Jobs -->
