<?xml version="1.0" encoding="UTF-8"?>
<!-- Generated by org.testng.reporters.JUnitReportReporter -->
<testsuite hostname="TR13IT0HI1KA2010" failures="0" tests="1" name="Day_020_Multiple_Windows1.TC01_Open_New_Tab" time="11.134" errors="0" timestamp="2024-08-27T10:26:36 IST" skipped="0">
  <testcase classname="Day_020_Multiple_Windows1.TC01_Open_New_Tab" name="Login_Test" time="11.134"/>
</testsuite> <!-- Day_020_Multiple_Windows1.TC01_Open_New_Tab -->
