<?xml version="1.0" encoding="UTF-8"?>
<!-- Generated by org.testng.reporters.JUnitReportReporter -->
<testsuite hostname="TR13IT0HI1KA2010" failures="0" tests="1" name="ABC14.TC01" time="5.442" errors="0" timestamp="2024-07-09T10:32:06 IST" skipped="0">
  <testcase classname="ABC14.TC01" name="LoginTest" time="5.442"/>
</testsuite> <!-- ABC14.TC01 -->
