<?xml version="1.0" encoding="UTF-8"?>
<!-- Generated by org.testng.reporters.JUnitReportReporter -->
<testsuite hostname="TR13IT0HI1KA2010" failures="0" tests="4" name="ABC1.Calculation" time="0.011" errors="0" timestamp="2024-02-27T09:04:10 IST" skipped="0">
  <testcase classname="ABC1.Calculation" name="subtraction" time="0.001"/>
  <testcase classname="ABC1.Calculation" name="multiplication" time="0.002"/>
  <testcase classname="ABC1.Calculation" name="Add" time="0.007"/>
  <testcase classname="ABC1.Calculation" name="division" time="0.001"/>
</testsuite> <!-- ABC1.Calculation -->
