<?xml version="1.0" encoding="UTF-8"?>
<!-- Generated by org.testng.reporters.JUnitReportReporter -->
<testsuite hostname="TR13IT0HI1KA2010" failures="0" tests="1" name="ABC17.TC01_Add_Jobs3" time="12.588" errors="0" timestamp="2024-07-13T10:34:49 IST" skipped="0">
  <testcase classname="ABC17.TC01_Add_Jobs3" name="SkilsTest" time="12.588"/>
</testsuite> <!-- ABC17.TC01_Add_Jobs3 -->
