<?xml version="1.0" encoding="UTF-8"?>
<!-- Generated by org.testng.reporters.JUnitReportReporter -->
<testsuite hostname="TR13IT0HI1KA2010" failures="0" tests="1" name="Day_003_Locators.TC08_tagName" time="12.149" errors="0" timestamp="2024-08-13T10:06:00 IST" skipped="0">
  <testcase classname="Day_003_Locators.TC08_tagName" name="Test2" time="12.149"/>
</testsuite> <!-- Day_003_Locators.TC08_tagName -->
