<?xml version="1.0" encoding="UTF-8"?>
<!-- Generated by org.testng.reporters.JUnitReportReporter -->
<testsuite hostname="TR13IT0HI1KA2010" failures="0" tests="1" name="Day_003_Locators.TC04_linkText" time="7.871" errors="0" timestamp="2024-08-13T09:37:22 IST" skipped="0">
  <testcase classname="Day_003_Locators.TC04_linkText" name="testTC02" time="7.871"/>
</testsuite> <!-- Day_003_Locators.TC04_linkText -->
