<?xml version="1.0" encoding="UTF-8"?>
<!-- Generated by org.testng.reporters.JUnitReportReporter -->
<testsuite hostname="TR13IT0HI1KA2010" failures="0" tests="1" name="Jan28_2025.TC01_Login" time="6.828" errors="0" timestamp="2025-01-28T08:56:18 IST" skipped="0">
  <testcase classname="Jan28_2025.TC01_Login" name="LoginTest" time="6.828"/>
</testsuite> <!-- Jan28_2025.TC01_Login -->
