<?xml version="1.0" encoding="UTF-8"?>
<!-- Generated by org.testng.reporters.JUnitReportReporter -->
<testsuite hostname="TR13IT0HI1KA2010" failures="0" tests="1" name="ABC11.TC01_Login" time="0.008" errors="0" timestamp="2024-07-08T10:31:06 IST" skipped="0">
  <testcase classname="ABC11.TC01_Login" name="LoginTest" time="0.008"/>
</testsuite> <!-- ABC11.TC01_Login -->
