<?xml version="1.0" encoding="UTF-8"?>
<!-- Generated by org.testng.reporters.JUnitReportReporter -->
<testsuite hostname="TR13IT0HI1KA2010" failures="0" tests="3" name="DataProvider.TC01_Add_Skills11" time="37.465" errors="0" timestamp="2024-09-14T09:41:13 IST" skipped="0">
  <testcase classname="DataProvider.TC01_Add_Skills11" name="Skills" time="14.324"/>
  <testcase classname="DataProvider.TC01_Add_Skills11" name="Skills" time="12.029"/>
  <testcase classname="DataProvider.TC01_Add_Skills11" name="Skills" time="11.112"/>
</testsuite> <!-- DataProvider.TC01_Add_Skills11 -->
