<?xml version="1.0" encoding="UTF-8"?>
<!-- Generated by org.testng.reporters.JUnitReportReporter -->
<testsuite hostname="TR13IT0HI1KA2010" failures="0" tests="4" name="TestNG_Priority.AllTests" time="0.015" errors="0" timestamp="2024-09-14T09:53:27 IST" skipped="0">
  <testcase classname="TestNG_Priority.AllTests" name="Test3" time="0.011"/>
  <testcase classname="TestNG_Priority.AllTests" name="Test4" time="0.002"/>
  <testcase classname="TestNG_Priority.AllTests" name="Test2" time="0.001"/>
  <testcase classname="TestNG_Priority.AllTests" name="Test1" time="0.001"/>
</testsuite> <!-- TestNG_Priority.AllTests -->
