<?xml version="1.0" encoding="UTF-8"?>
<!-- Generated by org.testng.reporters.JUnitReportReporter -->
<testsuite hostname="TR13IT0HI1KA2010" failures="0" tests="1" name="Day0001.TC01_Skills" time="10.695" errors="0" timestamp="2024-11-23T13:48:17 IST" skipped="0">
  <testcase classname="Day0001.TC01_Skills" name="Nationality2" time="10.695"/>
</testsuite> <!-- Day0001.TC01_Skills -->
