<?xml version="1.0" encoding="UTF-8"?>
<!-- Generated by org.testng.reporters.JUnitReportReporter -->
<testsuite hostname="TR13IT0HI1KA2010" failures="0" tests="1" name="Day_021_Java_Script_Executer.TC02_Send_Keys" time="10.809" errors="0" timestamp="2023-11-22T19:15:29 IST" skipped="0">
  <testcase classname="Day_021_Java_Script_Executer.TC02_Send_Keys" name="Login" time="10.809"/>
</testsuite> <!-- Day_021_Java_Script_Executer.TC02_Send_Keys -->
