<?xml version="1.0" encoding="UTF-8"?>
<!-- Generated by org.testng.reporters.JUnitReportReporter -->
<testsuite hostname="TR13IT0HI1KA2010" failures="0" tests="1" name="Day_032_TestNG_Groups.AllTests" time="34.061" errors="0" timestamp="2024-09-11T09:51:33 IST" skipped="0">
  <testcase classname="Day_032_TestNG_Groups.AllTests" name="Test2" time="34.061"/>
</testsuite> <!-- Day_032_TestNG_Groups.AllTests -->
