<?xml version="1.0" encoding="UTF-8"?>
<!-- Generated by org.testng.reporters.JUnitReportReporter -->
<testsuite hostname="TR13IT0HI1KA2010" failures="0" tests="1" name="ABCD4_May21_2024.TC01_Jobs_Add1" time="12.719" errors="0" timestamp="2024-05-21T10:44:06 IST" skipped="0">
  <testcase classname="ABCD4_May21_2024.TC01_Jobs_Add1" name="AddJobs1" time="12.719"/>
</testsuite> <!-- ABCD4_May21_2024.TC01_Jobs_Add1 -->
