<?xml version="1.0" encoding="UTF-8"?>
<!-- Generated by org.testng.reporters.JUnitReportReporter -->
<testsuite hostname="TR13IT0HI1KA2010" failures="0" tests="1" name="Day_020_Multiple_Windows1.TC01_Open_Three_Tabs" time="14.725" errors="0" timestamp="2024-08-27T10:32:51 IST" skipped="0">
  <testcase classname="Day_020_Multiple_Windows1.TC01_Open_Three_Tabs" name="Login_Test" time="14.725"/>
</testsuite> <!-- Day_020_Multiple_Windows1.TC01_Open_Three_Tabs -->
