<?xml version="1.0" encoding="UTF-8"?>
<!-- Generated by org.testng.reporters.JUnitReportReporter -->
<testsuite hostname="TR13IT0HI1KA2010" failures="0" tests="2" name="TestNG_Parameters.TC01_Add_Nationality" time="57.149" errors="0" timestamp="2024-09-11T09:36:27 IST" skipped="0">
  <testcase classname="TestNG_Parameters.TC01_Add_Nationality" name="Nationality" time="26.062"/>
  <testcase classname="TestNG_Parameters.TC01_Add_Nationality" name="Nationality" time="31.087"/>
</testsuite> <!-- TestNG_Parameters.TC01_Add_Nationality -->
