<?xml version="1.0" encoding="UTF-8"?>
<!-- Generated by org.testng.reporters.JUnitReportReporter -->
<testsuite hostname="TR13IT0HI1KA2010" failures="0" tests="1" name="Day01_Programs.TC01_Login" time="0.015" errors="0" timestamp="2023-11-21T19:33:17 IST" skipped="0">
  <testcase classname="Day01_Programs.TC01_Login" name="MainTest1" time="0.015"/>
</testsuite> <!-- Day01_Programs.TC01_Login -->
