<?xml version="1.0" encoding="UTF-8"?>
<!-- Generated by org.testng.reporters.JUnitReportReporter -->
<testsuite hostname="TR13IT0HI1KA2010" failures="0" tests="1" name="ABC1.LoginPage" time="9.456" errors="0" timestamp="2024-02-27T09:39:03 IST" skipped="0">
  <testcase classname="ABC1.LoginPage" name="login" time="9.456"/>
</testsuite> <!-- ABC1.LoginPage -->
