<?xml version="1.0" encoding="UTF-8"?>
<!-- Generated by org.testng.reporters.JUnitReportReporter -->
<testsuite hostname="TR13IT0HI1KA2010" failures="0" tests="1" name="Parallel_Classes.TC01_Add_Skills3" time="11.544" errors="0" timestamp="2024-09-18T09:43:06 IST" skipped="0">
  <testcase classname="Parallel_Classes.TC01_Add_Skills3" name="SkilsTest" time="11.544"/>
</testsuite> <!-- Parallel_Classes.TC01_Add_Skills3 -->
