<?xml version="1.0" encoding="UTF-8"?>
<!-- Generated by org.testng.reporters.JUnitReportReporter -->
<testsuite hostname="TR13IT0HI1KA2010" failures="0" tests="1" name="ABC15.TC01_Login3" time="5.087" errors="0" timestamp="2024-07-11T10:55:55 IST" skipped="0">
  <testcase classname="ABC15.TC01_Login3" name="LoginTest" time="5.087"/>
</testsuite> <!-- ABC15.TC01_Login3 -->
