<?xml version="1.0" encoding="UTF-8"?>
<!-- Generated by org.testng.reporters.JUnitReportReporter -->
<testsuite hostname="TR13IT0HI1KA2010" failures="0" tests="1" name="Day_003_Locators.TC06_cssSelector" time="7.568" errors="0" timestamp="2024-05-21T11:11:44 IST" skipped="0">
  <testcase classname="Day_003_Locators.TC06_cssSelector" name="Test2" time="7.568"/>
</testsuite> <!-- Day_003_Locators.TC06_cssSelector -->
