<?xml version="1.0" encoding="UTF-8"?>
<!-- Generated by org.testng.reporters.JUnitReportReporter -->
<testsuite hostname="TR13IT0HI1KA2010" failures="0" tests="2" name="DataProvider.TC01_Add_Jobs3" time="25.696" errors="0" timestamp="2024-09-14T09:35:37 IST" skipped="0">
  <testcase classname="DataProvider.TC01_Add_Jobs3" name="JobsTest" time="14.084"/>
  <testcase classname="DataProvider.TC01_Add_Jobs3" name="JobsTest" time="11.612"/>
</testsuite> <!-- DataProvider.TC01_Add_Jobs3 -->
