<?xml version="1.0" encoding="UTF-8"?>
<!-- Generated by org.testng.reporters.JUnitReportReporter -->
<testsuite hostname="TR13IT0HI1KA2010" failures="0" tests="1" name="Day_025_ExcelUtil_Apache_POI.TC01_Excel" time="11.262" errors="0" timestamp="2024-07-22T11:29:06 IST" skipped="0">
  <testcase classname="Day_025_ExcelUtil_Apache_POI.TC01_Excel" name="ReadDataFromExcel" time="11.262"/>
</testsuite> <!-- Day_025_ExcelUtil_Apache_POI.TC01_Excel -->
