<?xml version="1.0" encoding="UTF-8"?>
<!-- Generated by org.testng.reporters.JUnitReportReporter -->
<testsuite hostname="TR13IT0HI1KA2010" failures="0" tests="1" name="Day_019_Frames.Switch_Frame_By_WebElement" time="6.307" errors="0" timestamp="2023-11-24T12:16:07 IST" skipped="0">
  <testcase classname="Day_019_Frames.Switch_Frame_By_WebElement" name="Login_Test" time="6.307"/>
</testsuite> <!-- Day_019_Frames.Switch_Frame_By_WebElement -->
