<?xml version="1.0" encoding="UTF-8"?>
<!-- Generated by org.testng.reporters.JUnitReportReporter -->
<testsuite hostname="TR13IT0HI1KA2010" failures="0" tests="1" name="ABC22.TC01_Add_Skills" time="16.502" errors="0" timestamp="2024-08-14T09:39:52 IST" skipped="0">
  <testcase classname="ABC22.TC01_Add_Skills" name="Skills" time="16.502"/>
</testsuite> <!-- ABC22.TC01_Add_Skills -->
