<?xml version="1.0" encoding="UTF-8"?>
<!-- Generated by org.testng.reporters.JUnitReportReporter -->
<testsuite hostname="TR13IT0HI1KA2010" failures="0" tests="1" name="Day_021_Java_Script_Executer1.Test4_Scroll_by_pixel" time="17.805" errors="0" timestamp="2024-08-16T09:45:17 IST" skipped="0">
  <testcase classname="Day_021_Java_Script_Executer1.Test4_Scroll_by_pixel" name="ByPixel" time="17.805"/>
</testsuite> <!-- Day_021_Java_Script_Executer1.Test4_Scroll_by_pixel -->
