<?xml version="1.0" encoding="UTF-8"?>
<!-- Generated by org.testng.reporters.JUnitReportReporter -->
<testsuite hostname="TR13IT0HI1KA2010" failures="0" tests="1" name="Day_021_Java_Script_Executer1.Test3_PageUP_PageDown" time="11.115" errors="0" timestamp="2024-08-16T09:13:16 IST" skipped="0">
  <testcase classname="Day_021_Java_Script_Executer1.Test3_PageUP_PageDown" name="AmazonSendKeys" time="11.115"/>
</testsuite> <!-- Day_021_Java_Script_Executer1.Test3_PageUP_PageDown -->
