<?xml version="1.0" encoding="UTF-8"?>
<!-- Generated by org.testng.reporters.JUnitReportReporter -->
<testsuite hostname="TR13IT0HI1KA2010" failures="0" tests="1" name="Jan30_2025.TC01_Login" time="9.706" errors="0" timestamp="2025-01-28T09:09:13 IST" skipped="0">
  <testcase classname="Jan30_2025.TC01_Login" name="LoinTest" time="9.706"/>
</testsuite> <!-- Jan30_2025.TC01_Login -->
