<?xml version="1.0" encoding="UTF-8"?>
<!-- Generated by org.testng.reporters.JUnitReportReporter -->
<testsuite hostname="TR13IT0HI1KA2010" failures="0" tests="1" name="ABC330.TC01_Skills2" time="17.516" errors="0" timestamp="2024-08-21T10:25:04 IST" skipped="0">
  <testcase classname="ABC330.TC01_Skills2" name="SkillSTest" time="17.516"/>
</testsuite> <!-- ABC330.TC01_Skills2 -->
