<?xml version="1.0" encoding="UTF-8"?>
<!-- Generated by org.testng.reporters.JUnitReportReporter -->
<testsuite hostname="TR13IT0HI1KA2010" failures="0" tests="3" name="Day_46_invocationCount.TC01_Add_Skills1" time="82.054" errors="0" timestamp="2024-09-11T09:45:33 IST" skipped="0">
  <testcase classname="Day_46_invocationCount.TC01_Add_Skills1" name="Login" time="27.403"/>
  <testcase classname="Day_46_invocationCount.TC01_Add_Skills1" name="Login" time="27.022"/>
  <testcase classname="Day_46_invocationCount.TC01_Add_Skills1" name="Login" time="27.629"/>
</testsuite> <!-- Day_46_invocationCount.TC01_Add_Skills1 -->
