<?xml version="1.0" encoding="UTF-8"?>
<!-- Generated by org.testng.reporters.JUnitReportReporter -->
<testsuite hostname="TR13IT0HI1KA2010" failures="0" tests="1" name="Java311_Jan2025.TC01_Jobs" time="15.959" errors="0" timestamp="2025-01-29T09:32:25 IST" skipped="0">
  <testcase classname="Java311_Jan2025.TC01_Jobs" name="AddJobs" time="15.959"/>
</testsuite> <!-- Java311_Jan2025.TC01_Jobs -->
