<?xml version="1.0" encoding="UTF-8"?>
<!-- Generated by org.testng.reporters.JUnitReportReporter -->
<testsuite hostname="TR13IT0HI1KA2010" failures="0" tests="1" name="ABC4.TC01_Logiin" time="5.950" errors="0" timestamp="2024-04-07T10:12:39 IST" skipped="0">
  <testcase classname="ABC4.TC01_Logiin" name="LoginTest" time="5.950"/>
</testsuite> <!-- ABC4.TC01_Logiin -->
