<?xml version="1.0" encoding="UTF-8"?>
<!-- Generated by org.testng.reporters.JUnitReportReporter -->
<testsuite hostname="TR13IT0HI1KA2010" failures="0" tests="1" name="ABC212.TC01_Skills3" time="14.796" errors="0" timestamp="2024-08-12T11:28:46 IST" skipped="0">
  <testcase classname="ABC212.TC01_Skills3" name="SkillsTest" time="14.796"/>
</testsuite> <!-- ABC212.TC01_Skills3 -->
