<?xml version="1.0" encoding="UTF-8"?>
<!-- Generated by org.testng.reporters.JUnitReportReporter -->
<testsuite hostname="TR13IT0HI1KA2010" failures="0" tests="1" name="Day_052_WebElement_Operations.TC08_WebElement_isSelected" time="8.695" errors="0" timestamp="2024-08-24T10:38:43 IST" skipped="0">
  <testcase classname="Day_052_WebElement_Operations.TC08_WebElement_isSelected" name="login_test" time="8.695"/>
</testsuite> <!-- Day_052_WebElement_Operations.TC08_WebElement_isSelected -->
