<?xml version="1.0" encoding="UTF-8"?>
<!-- Generated by org.testng.reporters.JUnitReportReporter -->
<testsuite hostname="TR13IT0HI1KA2010" failures="0" tests="1" name="Day_019_Frames.FrameByIndex" time="14.002" errors="0" timestamp="2023-11-24T12:23:25 IST" skipped="0">
  <testcase classname="Day_019_Frames.FrameByIndex" name="Login_Test" time="14.002"/>
</testsuite> <!-- Day_019_Frames.FrameByIndex -->
