<?xml version="1.0" encoding="UTF-8"?>
<!-- Generated by org.testng.reporters.JUnitReportReporter -->
<testsuite hostname="TR13IT0HI1KA2010" failures="0" tests="1" name="Headless_Browser.SSL2" time="5.273" errors="0" timestamp="2024-08-27T10:37:55 IST" skipped="0">
  <testcase classname="Headless_Browser.SSL2" name="LoginTest" time="5.273"/>
</testsuite> <!-- Headless_Browser.SSL2 -->
