<?xml version="1.0" encoding="UTF-8"?>
<!-- Generated by org.testng.reporters.JUnitReportReporter -->
<testsuite hostname="TR13IT0HI1KA2010" failures="0" tests="1" name="Day01.TC01_Login" time="15.018" errors="0" timestamp="2023-11-21T19:34:19 IST" skipped="0">
  <testcase classname="Day01.TC01_Login" name="maintest1" time="15.018"/>
</testsuite> <!-- Day01.TC01_Login -->
