<?xml version="1.0" encoding="UTF-8"?>
<!-- Generated by org.testng.reporters.JUnitReportReporter -->
<testsuite hostname="TR13IT0HI1KA2010" failures="0" tests="1" name="Parallel_Tests.TC01_Nationality_Static" time="13.754" errors="0" timestamp="2024-04-12T08:25:30 IST" skipped="0">
  <testcase classname="Parallel_Tests.TC01_Nationality_Static" name="Login_Test" time="13.754"/>
</testsuite> <!-- Parallel_Tests.TC01_Nationality_Static -->
