<?xml version="1.0" encoding="UTF-8"?>
<!-- Generated by org.testng.reporters.JUnitReportReporter -->
<testsuite hostname="TR13IT0HI1KA2010" failures="0" tests="1" name="Day_022_Action_class.TC03_RIght_Click" time="4.389" errors="0" timestamp="2024-08-22T10:38:42 IST" skipped="0">
  <testcase classname="Day_022_Action_class.TC03_RIght_Click" name="Login_Test" time="4.389"/>
</testsuite> <!-- Day_022_Action_class.TC03_RIght_Click -->
