<?xml version="1.0" encoding="UTF-8"?>
<!-- Generated by org.testng.reporters.JUnitReportReporter -->
<testsuite hostname="TR13IT0HI1KA2010" failures="0" tests="1" name="Jan31_2025.TC01_Login" time="7.554" errors="0" timestamp="2025-01-28T09:16:58 IST" skipped="0">
  <testcase classname="Jan31_2025.TC01_Login" name="LoginTest" time="7.554"/>
</testsuite> <!-- Jan31_2025.TC01_Login -->
