<?xml version="1.0" encoding="UTF-8"?>
<!-- Generated by org.testng.reporters.JUnitReportReporter -->
<testsuite hostname="TR13IT0HI1KA2010" failures="0" tests="1" name="Nand1.TC01_Skills" time="7.295" errors="0" timestamp="2024-10-10T13:30:56 IST" skipped="0">
  <testcase classname="Nand1.TC01_Skills" name="LoginTest" time="7.295"/>
</testsuite> <!-- Nand1.TC01_Skills -->
