<?xml version="1.0" encoding="UTF-8"?>
<!-- Generated by org.testng.reporters.JUnitReportReporter -->
<testsuite hostname="TR13IT0HI1KA2010" failures="0" tests="1" name="ABC6.TC01_Login" time="11.343" errors="0" timestamp="2024-04-08T08:31:28 IST" skipped="0">
  <testcase classname="ABC6.TC01_Login" name="Login_Test" time="11.343"/>
</testsuite> <!-- ABC6.TC01_Login -->
