<?xml version="1.0" encoding="UTF-8"?>
<!-- Generated by org.testng.reporters.JUnitReportReporter -->
<testsuite hostname="TR13IT0HI1KA2010" failures="0" tests="1" name="BaseProGrams.TC01_Add_Nationality" time="14.232" errors="0" timestamp="2024-10-30T15:14:46 IST" skipped="0">
  <testcase classname="BaseProGrams.TC01_Add_Nationality" name="Nationality" time="14.232"/>
</testsuite> <!-- BaseProGrams.TC01_Add_Nationality -->
