<?xml version="1.0" encoding="UTF-8"?>
<!-- Generated by org.testng.reporters.JUnitReportReporter -->
<testsuite hostname="TR13IT0HI1KA2010" failures="0" tests="1" name="ABCD3.TC01_Login" time="15.628" errors="0" timestamp="2024-05-20T10:36:22 IST" skipped="0">
  <testcase classname="ABCD3.TC01_Login" name="LoginTest" time="15.628"/>
</testsuite> <!-- ABCD3.TC01_Login -->
