<?xml version="1.0" encoding="UTF-8"?>
<!-- Generated by org.testng.reporters.JUnitReportReporter -->
<testsuite hostname="TR13IT0HI1KA2010" failures="0" tests="1" name="Headless_Browser.IncognitioMode" time="16.077" errors="0" timestamp="2024-08-27T10:36:06 IST" skipped="0">
  <testcase classname="Headless_Browser.IncognitioMode" name="LoginTest" time="16.077"/>
</testsuite> <!-- Headless_Browser.IncognitioMode -->
