<?xml version="1.0" encoding="UTF-8"?>
<!-- Generated by org.testng.reporters.JUnitReportReporter -->
<testsuite hostname="TR13IT0HI1KA2010" failures="0" tests="1" name="ABCD4_May21_2024.TC01_Jobs_Add2" time="13.105" errors="0" timestamp="2024-05-21T10:46:47 IST" skipped="0">
  <testcase classname="ABCD4_May21_2024.TC01_Jobs_Add2" name="AddJobs1" time="13.105"/>
</testsuite> <!-- ABCD4_May21_2024.TC01_Jobs_Add2 -->
