<?xml version="1.0" encoding="UTF-8"?>
<!-- Generated by org.testng.reporters.JUnitReportReporter -->
<testsuite hostname="TR13IT0HI1KA2010" failures="0" tests="1" name="Day_45_Assertions.TC01_Add_Jobs" time="19.201" errors="0" timestamp="2024-08-27T10:19:57 IST" skipped="0">
  <testcase classname="Day_45_Assertions.TC01_Add_Jobs" name="Jobstest" time="19.201"/>
</testsuite> <!-- Day_45_Assertions.TC01_Add_Jobs -->
