<?xml version="1.0" encoding="UTF-8"?>
<!-- Generated by org.testng.reporters.JUnitReportReporter -->
<testsuite hostname="TR13IT0HI1KA2010" failures="0" tests="1" name="ABC22.TC01_Add_Skills2" time="12.460" errors="0" timestamp="2024-08-13T09:22:47 IST" skipped="0">
  <testcase classname="ABC22.TC01_Add_Skills2" name="Skills" time="12.460"/>
</testsuite> <!-- ABC22.TC01_Add_Skills2 -->
