<?xml version="1.0" encoding="UTF-8"?>
<!-- Generated by org.testng.reporters.JUnitReportReporter -->
<testsuite hostname="TR13IT0HI1KA2010" failures="0" tests="1" name="DateTime_Picker1.TC01_Add_Nationality" time="24.209" errors="0" timestamp="2024-08-24T11:03:00 IST" skipped="0">
  <testcase classname="DateTime_Picker1.TC01_Add_Nationality" name="f" time="24.209"/>
</testsuite> <!-- DateTime_Picker1.TC01_Add_Nationality -->
