<?xml version="1.0" encoding="UTF-8"?>
<!-- Generated by org.testng.reporters.JUnitReportReporter -->
<testsuite hostname="TR13IT0HI1KA2010" failures="0" tests="1" name="Day_023_File_Upload_Download.TC03_FileUpload" time="51.007" errors="0" timestamp="2024-08-23T10:31:49 IST" skipped="0">
  <testcase classname="Day_023_File_Upload_Download.TC03_FileUpload" name="File_upload" time="51.007"/>
</testsuite> <!-- Day_023_File_Upload_Download.TC03_FileUpload -->
