<?xml version="1.0" encoding="UTF-8"?>
<!-- Generated by org.testng.reporters.JUnitReportReporter -->
<testsuite hostname="TR13IT0HI1KA2010" failures="0" tests="3" name="DataProvider.TC01_Add_Jobs" time="65.632" errors="0" timestamp="2024-08-05T10:39:03 IST" skipped="0">
  <testcase classname="DataProvider.TC01_Add_Jobs" name="JobsTest" time="13.520"/>
  <testcase classname="DataProvider.TC01_Add_Jobs" name="JobsTest" time="36.330"/>
  <testcase classname="DataProvider.TC01_Add_Jobs" name="JobsTest" time="15.782"/>
</testsuite> <!-- DataProvider.TC01_Add_Jobs -->
