<?xml version="1.0" encoding="UTF-8"?>
<!-- Generated by org.testng.reporters.JUnitReportReporter -->
<testsuite hostname="TR13IT0HI1KA2010" failures="0" tests="1" name="Day_022_Action_class.TC02_Double_Click" time="8.858" errors="0" timestamp="2024-08-22T10:37:08 IST" skipped="0">
  <testcase classname="Day_022_Action_class.TC02_Double_Click" name="Login_Test" time="8.858"/>
</testsuite> <!-- Day_022_Action_class.TC02_Double_Click -->
