<?xml version="1.0" encoding="UTF-8"?>
<!-- Generated by org.testng.reporters.JUnitReportReporter -->
<testsuite hostname="TR13IT0HI1KA2010" failures="0" tests="1" name="Day_026_TakeScreenShot.Test6" time="10.356" errors="0" timestamp="2024-07-05T10:14:21 IST" skipped="0">
  <testcase classname="Day_026_TakeScreenShot.Test6" name="AddNationalitiess" time="10.356"/>
</testsuite> <!-- Day_026_TakeScreenShot.Test6 -->
