<?xml version="1.0" encoding="UTF-8"?>
<!-- Generated by org.testng.reporters.JUnitReportReporter -->
<testsuite hostname="TR13IT0HI1KA2010" failures="0" tests="1" name="TestNG_FailedTestCases_Execution.TC01_Add_Skills" time="12.075" errors="0" timestamp="2024-08-05T10:29:36 IST" skipped="0">
  <testcase classname="TestNG_FailedTestCases_Execution.TC01_Add_Skills" name="Skills" time="12.075"/>
</testsuite> <!-- TestNG_FailedTestCases_Execution.TC01_Add_Skills -->
