<?xml version="1.0" encoding="UTF-8"?>
<!-- Generated by org.testng.reporters.JUnitReportReporter -->
<testsuite hostname="TR13IT0HI1KA2010" failures="0" tests="1" name="Parallel_Tests.TC01_Add_Skills3" time="14.009" errors="0" timestamp="2024-04-12T08:25:30 IST" skipped="0">
  <testcase classname="Parallel_Tests.TC01_Add_Skills3" name="SkilsTest" time="14.009"/>
</testsuite> <!-- Parallel_Tests.TC01_Add_Skills3 -->
