<?xml version="1.0" encoding="UTF-8"?>
<!-- Generated by org.testng.reporters.JUnitReportReporter -->
<testsuite hostname="TR13IT0HI1KA2010" failures="0" tests="2" name="DataProvider.TC01_Add_Jobs2" time="42.031" errors="0" timestamp="2024-06-28T11:21:48 IST" skipped="0">
  <testcase classname="DataProvider.TC01_Add_Jobs2" name="JobsTest" time="21.734"/>
  <testcase classname="DataProvider.TC01_Add_Jobs2" name="JobsTest" time="20.297"/>
</testsuite> <!-- DataProvider.TC01_Add_Jobs2 -->
