<?xml version="1.0" encoding="UTF-8"?>
<!-- Generated by org.testng.reporters.JUnitReportReporter -->
<testsuite hostname="TR13IT0HI1KA2010" failures="0" tests="1" name="Day_052_WebElement_Operations.TC06_WebElement_isDisplayed2" time="13.584" errors="0" timestamp="2024-08-24T10:35:44 IST" skipped="0">
  <testcase classname="Day_052_WebElement_Operations.TC06_WebElement_isDisplayed2" name="login_test" time="13.584"/>
</testsuite> <!-- Day_052_WebElement_Operations.TC06_WebElement_isDisplayed2 -->
