<?xml version="1.0" encoding="UTF-8"?>
<!-- Generated by org.testng.reporters.JUnitReportReporter -->
<testsuite hostname="TR13IT0HI1KA2010" failures="0" tests="2" name="TestNG_Annotations_01.TC01" time="0.005" errors="0" timestamp="2024-09-18T09:38:10 IST" skipped="0">
  <testcase classname="TestNG_Annotations_01.TC01" name="MainTest1" time="0.004"/>
  <testcase classname="TestNG_Annotations_01.TC01" name="MainTest2" time="0.001"/>
</testsuite> <!-- TestNG_Annotations_01.TC01 -->
