<?xml version="1.0" encoding="UTF-8"?>
<!-- Generated by org.testng.reporters.JUnitReportReporter -->
<testsuite hostname="TR13IT0HI1KA2010" failures="0" tests="1" name="Day_020_Multiple_Windows1.TC01_Multiple_Windows2" time="17.017" errors="0" timestamp="2024-05-31T10:38:42 IST" skipped="0">
  <testcase classname="Day_020_Multiple_Windows1.TC01_Multiple_Windows2" name="Login_Test" time="17.017"/>
</testsuite> <!-- Day_020_Multiple_Windows1.TC01_Multiple_Windows2 -->
