<?xml version="1.0" encoding="UTF-8"?>
<!-- Generated by org.testng.reporters.JUnitReportReporter -->
<testsuite hostname="TR13IT0HI1KA2010" failures="0" tests="1" name="Day_003_Locators.TC05_partialLinkText" time="6.413" errors="0" timestamp="2024-05-21T10:55:56 IST" skipped="0">
  <testcase classname="Day_003_Locators.TC05_partialLinkText" name="testTC03" time="6.413"/>
</testsuite> <!-- Day_003_Locators.TC05_partialLinkText -->
