<?xml version="1.0" encoding="UTF-8"?>
<!-- Generated by org.testng.reporters.JUnitReportReporter -->
<testsuite hostname="TR13IT0HI1KA2010" failures="0" tests="1" name="ABC22.TC01_Jobs2" time="12.763" errors="0" timestamp="2024-08-12T09:39:32 IST" skipped="0">
  <testcase classname="ABC22.TC01_Jobs2" name="AddJobsTest" time="12.763"/>
</testsuite> <!-- ABC22.TC01_Jobs2 -->
