<?xml version="1.0" encoding="UTF-8"?>
<!-- Generated by org.testng.reporters.JUnitReportReporter -->
<testsuite hostname="TR13IT0HI1KA2010" failures="0" tests="1" name="ABC6.TC01_Nationality_NonStatic" time="12.495" errors="0" timestamp="2024-04-10T08:53:21 IST" skipped="0">
  <testcase classname="ABC6.TC01_Nationality_NonStatic" name="Login_Test" time="12.495"/>
</testsuite> <!-- ABC6.TC01_Nationality_NonStatic -->
