<?xml version="1.0" encoding="UTF-8"?>
<!-- Generated by org.testng.reporters.JUnitReportReporter -->
<testsuite hostname="TR13IT0HI1KA2010" failures="0" tests="1" name="Day_020_Multiple_Windows.TC01_Multiple_Windows2" time="16.704" errors="0" timestamp="2023-11-24T12:45:16 IST" skipped="0">
  <testcase classname="Day_020_Multiple_Windows.TC01_Multiple_Windows2" name="Login_Test" time="16.704"/>
</testsuite> <!-- Day_020_Multiple_Windows.TC01_Multiple_Windows2 -->
