<?xml version="1.0" encoding="UTF-8"?>
<!-- Generated by org.testng.reporters.JUnitReportReporter -->
<testsuite hostname="TR13IT0HI1KA2010" failures="0" tests="1" name="ABC16.TC01_Add_Skills2" time="14.135" errors="0" timestamp="2024-07-12T10:38:58 IST" skipped="0">
  <testcase classname="ABC16.TC01_Add_Skills2" name="SkilsTest" time="14.135"/>
</testsuite> <!-- ABC16.TC01_Add_Skills2 -->
