<?xml version="1.0" encoding="UTF-8"?>
<!-- Generated by org.testng.reporters.JUnitReportReporter -->
<testsuite hostname="TR13IT0HI1KA2010" failures="0" tests="1" name="ABC7.TC01_Nationality_Static" time="11.824" errors="0" timestamp="2024-04-11T09:12:19 IST" skipped="0">
  <testcase classname="ABC7.TC01_Nationality_Static" name="Login_Test" time="11.824"/>
</testsuite> <!-- ABC7.TC01_Nationality_Static -->
