<?xml version="1.0" encoding="UTF-8"?>
<!-- Generated by org.testng.reporters.JUnitReportReporter -->
<testsuite hostname="TR13IT0HI1KA2010" failures="0" tests="1" name="Day001.TC01_Login" time="6.466" errors="0" timestamp="2024-10-21T11:00:15 IST" skipped="0">
  <testcase classname="Day001.TC01_Login" name="LoginTest" time="6.466"/>
</testsuite> <!-- Day001.TC01_Login -->
