<?xml version="1.0" encoding="UTF-8"?>
<!-- Generated by org.testng.reporters.JUnitReportReporter -->
<testsuite hostname="TR13IT0HI1KA2010" failures="0" tests="2" name="TestNG_Parameters.TC01_Add_Skills" time="25.737" errors="0" timestamp="2024-06-29T11:26:23 IST" skipped="0">
  <testcase classname="TestNG_Parameters.TC01_Add_Skills" name="Skills" time="13.711"/>
  <testcase classname="TestNG_Parameters.TC01_Add_Skills" name="Skills" time="12.026"/>
</testsuite> <!-- TestNG_Parameters.TC01_Add_Skills -->
