<?xml version="1.0" encoding="UTF-8"?>
<!-- Generated by org.testng.reporters.JUnitReportReporter -->
<testsuite hostname="TR13IT0HI1KA2010" failures="0" tests="1" name="Parallel_Classes.TC01_Nationality_Static" time="15.482" errors="0" timestamp="2024-09-18T09:41:54 IST" skipped="0">
  <testcase classname="Parallel_Classes.TC01_Nationality_Static" name="Login_Test" time="15.482"/>
</testsuite> <!-- Parallel_Classes.TC01_Nationality_Static -->
