<?xml version="1.0" encoding="UTF-8"?>
<!-- Generated by org.testng.reporters.JUnitReportReporter -->
<testsuite hostname="TR13IT0HI1KA2010" failures="0" tests="1" name="ABC21.TC01_Add_Skills" time="14.839" errors="0" timestamp="2024-08-12T09:18:46 IST" skipped="0">
  <testcase classname="ABC21.TC01_Add_Skills" name="Skills" time="14.839"/>
</testsuite> <!-- ABC21.TC01_Add_Skills -->
