<?xml version="1.0" encoding="UTF-8"?>
<!-- Generated by org.testng.reporters.JUnitReportReporter -->
<testsuite hostname="TR13IT0HI1KA2010" failures="0" tests="1" name="Day01_Programs.TC01_AddJobs1" time="7.444" errors="0" timestamp="2023-11-22T18:37:44 IST" skipped="0">
  <testcase classname="Day01_Programs.TC01_AddJobs1" name="f" time="7.444"/>
</testsuite> <!-- Day01_Programs.TC01_AddJobs1 -->
