<?xml version="1.0" encoding="UTF-8"?>
<!-- Generated by org.testng.reporters.JUnitReportReporter -->
<testsuite hostname="TR13IT0HI1KA2010" failures="0" tests="2" name="Parallel_Methods1.All_Test_Casses" time="40.373" errors="0" timestamp="2024-06-27T11:12:44 IST" skipped="0">
  <testcase classname="Parallel_Methods1.All_Test_Casses" name="AddJobs" time="20.494"/>
  <testcase classname="Parallel_Methods1.All_Test_Casses" name="AddSkills" time="19.879"/>
</testsuite> <!-- Parallel_Methods1.All_Test_Casses -->
