<?xml version="1.0" encoding="UTF-8"?>
<!-- Generated by org.testng.reporters.JUnitReportReporter -->
<testsuite hostname="TR13IT0HI1KA2010" failures="0" tests="3" name="Day_46_invocationCount.TC01_Add_Skills2" time="55.944" errors="0" timestamp="2024-08-05T10:23:24 IST" skipped="0">
  <testcase classname="Day_46_invocationCount.TC01_Add_Skills2" name="Login" time="32.500"/>
  <testcase classname="Day_46_invocationCount.TC01_Add_Skills2" name="Login" time="12.838"/>
  <testcase classname="Day_46_invocationCount.TC01_Add_Skills2" name="Login" time="10.606"/>
</testsuite> <!-- Day_46_invocationCount.TC01_Add_Skills2 -->
