<?xml version="1.0" encoding="UTF-8"?>
<!-- Generated by org.testng.reporters.JUnitReportReporter -->
<testsuite hostname="TR13IT0HI1KA2010" failures="0" tests="1" name="Day01_Programs.TC01_AddSkills" time="19.752" errors="0" timestamp="2024-06-16T12:28:04 IST" skipped="0">
  <testcase classname="Day01_Programs.TC01_AddSkills" name="f" time="19.752"/>
</testsuite> <!-- Day01_Programs.TC01_AddSkills -->
