<?xml version="1.0" encoding="UTF-8"?>
<!-- Generated by org.testng.reporters.JUnitReportReporter -->
<testsuite hostname="TR13IT0HI1KA2010" failures="0" tests="1" name="Java311_Jan2025.TC01_Skills" time="16.809" errors="0" timestamp="2025-01-29T09:23:30 IST" skipped="0">
  <testcase classname="Java311_Jan2025.TC01_Skills" name="Addskills" time="16.809"/>
</testsuite> <!-- Java311_Jan2025.TC01_Skills -->
