<?xml version="1.0" encoding="UTF-8"?>
<!-- Generated by org.testng.reporters.JUnitReportReporter -->
<testsuite hostname="TR13IT0HI1KA2010" failures="0" tests="1" name="Day_021_Java_Script_Executer1.Test5_launch_newTab" time="5.909" errors="0" timestamp="2024-07-19T10:33:18 IST" skipped="0">
  <testcase classname="Day_021_Java_Script_Executer1.Test5_launch_newTab" name="ByPixel" time="5.909"/>
</testsuite> <!-- Day_021_Java_Script_Executer1.Test5_launch_newTab -->
