<?xml version="1.0" encoding="UTF-8"?>
<!-- Generated by org.testng.reporters.JUnitReportReporter -->
<testsuite hostname="TR13IT0HI1KA2010" failures="0" tests="1" name="BaseProGrams.TC01_Add_Skills" time="17.209" errors="0" timestamp="2024-08-23T10:50:50 IST" skipped="0">
  <testcase classname="BaseProGrams.TC01_Add_Skills" name="Skills" time="17.209"/>
</testsuite> <!-- BaseProGrams.TC01_Add_Skills -->
