<?xml version="1.0" encoding="UTF-8"?>
<!-- Generated by org.testng.reporters.JUnitReportReporter -->
<testsuite hostname="TR13IT0HI1KA2010" failures="0" tests="1" name="Day_43_Smart_Search.TC014_Startswith" time="6.723" errors="0" timestamp="2024-08-23T10:24:15 IST" skipped="0">
  <testcase classname="Day_43_Smart_Search.TC014_Startswith" name="Test1" time="6.723"/>
</testsuite> <!-- Day_43_Smart_Search.TC014_Startswith -->
