<?xml version="1.0" encoding="UTF-8"?>
<!-- Generated by org.testng.reporters.JUnitReportReporter -->
<testsuite hostname="TR13IT0HI1KA2010" failures="0" tests="1" name="Day02_Java_Concepts.TC01_Add_Skills" time="11.668" errors="0" timestamp="2023-11-21T19:39:40 IST" skipped="0">
  <testcase classname="Day02_Java_Concepts.TC01_Add_Skills" name="Login" time="11.668"/>
</testsuite> <!-- Day02_Java_Concepts.TC01_Add_Skills -->
