<?xml version="1.0" encoding="UTF-8"?>
<!-- Generated by org.testng.reporters.JUnitReportReporter -->
<testsuite hostname="TR13IT0HI1KA2010" failures="0" tests="1" name="ABC33.TC01_Skills2" time="21.456" errors="0" timestamp="2024-08-13T11:17:11 IST" skipped="0">
  <testcase classname="ABC33.TC01_Skills2" name="SkillsTest" time="21.456"/>
</testsuite> <!-- ABC33.TC01_Skills2 -->
