<?xml version="1.0" encoding="UTF-8"?>
<!-- Generated by org.testng.reporters.JUnitReportReporter -->
<testsuite hostname="TR13IT0HI1KA2010" failures="0" tests="1" name="Day_003_Locators.TC01_id" time="13.035" errors="0" timestamp="2024-08-13T11:32:04 IST" skipped="0">
  <testcase classname="Day_003_Locators.TC01_id" name="Test2" time="13.035"/>
</testsuite> <!-- Day_003_Locators.TC01_id -->
