<?xml version="1.0" encoding="UTF-8"?>
<!-- Generated by org.testng.reporters.JUnitReportReporter -->
<testsuite hostname="TR13IT0HI1KA2010" failures="0" tests="2" name="ABCD3.TC01_Jobs_Add1" time="25.044" errors="0" timestamp="2024-05-20T10:57:35 IST" skipped="0">
  <testcase classname="ABCD3.TC01_Jobs_Add1" name="AddJobs2" time="11.687"/>
  <testcase classname="ABCD3.TC01_Jobs_Add1" name="AddJobs1" time="13.357"/>
</testsuite> <!-- ABCD3.TC01_Jobs_Add1 -->
