<?xml version="1.0" encoding="UTF-8"?>
<!-- Generated by org.testng.reporters.JUnitReportReporter -->
<testsuite hostname="TR13IT0HI1KA2010" failures="0" tests="1" name="Dropdown.Dropdown_OtherThanSelect_Tag" time="16.148" errors="0" timestamp="2024-07-16T10:49:25 IST" skipped="0">
  <testcase classname="Dropdown.Dropdown_OtherThanSelect_Tag" name="dropdown" time="16.148"/>
</testsuite> <!-- Dropdown.Dropdown_OtherThanSelect_Tag -->
